==========================================================
Slurm Job ID: 20042322
Job executing on: gpu08
Starting at: Wed Sep 10 20:24:15 PDT 2025
==========================================================

Activating Conda environment...
Conda environment 'dreams' activated.

Using device: cuda
--- Initializing Tokenizers and Loading Vocabularies ---
Vocabulary loaded from /bigdata/jianglab/shared/ExploreData/vocab/smiles_vocab.json. Total tokens: 60
Vocabulary loaded from /bigdata/jianglab/shared/ExploreData/vocab/formula_vocab.json. Total tokens: 27

--- Creating Graph DataLoaders ---

--- Initializing GNN-Enhanced Model ---
Model has 4,719,366 trainable parameters.

--- Epoch 1/100 ---
Epoch 1 | Train Loss: 0.7267 | Val Loss: 0.4620
Validation loss improved. Model saved to /bigdata/jianglab/shared/ExploreData/models/best_model_gnn.pth

--- Epoch 2/100 ---
Epoch 2 | Train Loss: 0.5821 | Val Loss: 0.4320
Validation loss improved. Model saved to /bigdata/jianglab/shared/ExploreData/models/best_model_gnn.pth

--- Epoch 3/100 ---
Epoch 3 | Train Loss: 0.5362 | Val Loss: 0.3939
Validation loss improved. Model saved to /bigdata/jianglab/shared/ExploreData/models/best_model_gnn.pth

--- Epoch 4/100 ---
Epoch 4 | Train Loss: 0.4832 | Val Loss: 0.3792
Validation loss improved. Model saved to /bigdata/jianglab/shared/ExploreData/models/best_model_gnn.pth

--- Epoch 5/100 ---
Epoch 5 | Train Loss: 0.4617 | Val Loss: 0.3704
Validation loss improved. Model saved to /bigdata/jianglab/shared/ExploreData/models/best_model_gnn.pth

--- Epoch 6/100 ---
Epoch 6 | Train Loss: 0.4524 | Val Loss: 0.3633
Validation loss improved. Model saved to /bigdata/jianglab/shared/ExploreData/models/best_model_gnn.pth

--- Epoch 7/100 ---
Epoch 7 | Train Loss: 0.4555 | Val Loss: 0.3644
Validation loss did not improve. Early stopping counter: 1/10

--- Epoch 8/100 ---
Epoch 8 | Train Loss: 0.4745 | Val Loss: 0.3713
Validation loss did not improve. Early stopping counter: 2/10

--- Epoch 9/100 ---
Epoch 9 | Train Loss: 0.4551 | Val Loss: 0.3692
Validation loss did not improve. Early stopping counter: 3/10

--- Epoch 10/100 ---
Epoch 10 | Train Loss: 0.4343 | Val Loss: 0.3463
Validation loss improved. Model saved to /bigdata/jianglab/shared/ExploreData/models/best_model_gnn.pth

--- Epoch 11/100 ---
Epoch 11 | Train Loss: 0.4291 | Val Loss: 0.3536
Validation loss did not improve. Early stopping counter: 1/10

--- Epoch 12/100 ---
Epoch 12 | Train Loss: 0.4217 | Val Loss: 0.3473
Validation loss did not improve. Early stopping counter: 2/10

--- Epoch 13/100 ---
Epoch 13 | Train Loss: 0.4127 | Val Loss: 0.3447
Validation loss improved. Model saved to /bigdata/jianglab/shared/ExploreData/models/best_model_gnn.pth

--- Epoch 14/100 ---
Epoch 14 | Train Loss: 0.4034 | Val Loss: 0.3439
Validation loss improved. Model saved to /bigdata/jianglab/shared/ExploreData/models/best_model_gnn.pth

--- Epoch 15/100 ---
Epoch 15 | Train Loss: 0.3873 | Val Loss: 0.3313
Validation loss improved. Model saved to /bigdata/jianglab/shared/ExploreData/models/best_model_gnn.pth

--- Epoch 16/100 ---
Epoch 16 | Train Loss: 0.3844 | Val Loss: 0.3354
Validation loss did not improve. Early stopping counter: 1/10

--- Epoch 17/100 ---
Epoch 17 | Train Loss: 0.3822 | Val Loss: 0.3327
Validation loss did not improve. Early stopping counter: 2/10

--- Epoch 18/100 ---
Epoch 18 | Train Loss: 0.3746 | Val Loss: 0.3211
Validation loss improved. Model saved to /bigdata/jianglab/shared/ExploreData/models/best_model_gnn.pth

--- Epoch 19/100 ---
Epoch 19 | Train Loss: 0.3605 | Val Loss: 0.3305
Validation loss did not improve. Early stopping counter: 1/10

--- Epoch 20/100 ---
Epoch 20 | Train Loss: 0.3653 | Val Loss: 0.3258
Validation loss did not improve. Early stopping counter: 2/10

--- Epoch 21/100 ---
Epoch 21 | Train Loss: 0.3657 | Val Loss: 0.3288
Validation loss did not improve. Early stopping counter: 3/10

--- Epoch 22/100 ---
Epoch 22 | Train Loss: 0.3574 | Val Loss: 0.3204
Validation loss improved. Model saved to /bigdata/jianglab/shared/ExploreData/models/best_model_gnn.pth

--- Epoch 23/100 ---
Epoch 23 | Train Loss: 0.3567 | Val Loss: 0.3503
Validation loss did not improve. Early stopping counter: 1/10

--- Epoch 24/100 ---
Epoch 24 | Train Loss: 0.3480 | Val Loss: 0.3532
Validation loss did not improve. Early stopping counter: 2/10

--- Epoch 25/100 ---
Epoch 25 | Train Loss: 0.3572 | Val Loss: 0.3441
Validation loss did not improve. Early stopping counter: 3/10

--- Epoch 26/100 ---
Epoch 26 | Train Loss: 0.3570 | Val Loss: 0.3799
Validation loss did not improve. Early stopping counter: 4/10

--- Epoch 27/100 ---
Epoch 27 | Train Loss: 0.3630 | Val Loss: 0.4604
Validation loss did not improve. Early stopping counter: 5/10

--- Epoch 28/100 ---
Epoch 28 | Train Loss: 0.3471 | Val Loss: 0.3301
Validation loss did not improve. Early stopping counter: 6/10

--- Epoch 29/100 ---
Epoch 29 | Train Loss: 0.3444 | Val Loss: 0.3431
Validation loss did not improve. Early stopping counter: 7/10

--- Epoch 30/100 ---
Epoch 30 | Train Loss: 0.3391 | Val Loss: 0.3925
Validation loss did not improve. Early stopping counter: 8/10

--- Epoch 31/100 ---
Epoch 31 | Train Loss: 0.3395 | Val Loss: 0.4056
Validation loss did not improve. Early stopping counter: 9/10

--- Epoch 32/100 ---
Epoch 32 | Train Loss: 0.3414 | Val Loss: 0.4831
Validation loss did not improve. Early stopping counter: 10/10
Early stopping triggered.

Training complete.

Python script finished.

==========================================================
Job finished at: Thu Sep 11 10:38:58 PDT 2025
==========================================================
