==========================================================
Slurm Job ID: 19916164
Job executing on: gpu07
Starting at: Mon Sep  8 21:46:08 PDT 2025
==========================================================

Activating Conda environment...
Conda environment 'dreams' activated.

Using device: cuda
--- Initializing Tokenizers ---
Loading SMILES vocabulary from: /bigdata/jianglab/shared/ExploreData/vocab/smiles_vocab.json
Vocabulary loaded from /bigdata/jianglab/shared/ExploreData/vocab/smiles_vocab.json. Total tokens: 60
SMILES vocabulary size: 60
Loading Formula vocabulary from: /bigdata/jianglab/shared/ExploreData/vocab/formula_vocab.json
Vocabulary loaded from /bigdata/jianglab/shared/ExploreData/vocab/formula_vocab.json. Total tokens: 27
Formula vocabulary size: 27
Loading Scaffold vocabulary from: /bigdata/jianglab/shared/ExploreData/vocab/scaffold_vocab.json
Vocabulary loaded from /bigdata/jianglab/shared/ExploreData/vocab/scaffold_vocab.json. Total tokens: 46
Scaffold vocabulary size: 46

--- Creating DataLoaders ---
Data loading setup complete.

--- Initializing Model ---
Model has 4,851,196 trainable parameters.

--- Epoch 1/100 ---
Epoch 1 | Train Loss: 0.6507 | Val Loss: 0.3221
Validation loss improved. Model saved to /bigdata/jianglab/shared/ExploreData/models/best_model.pth

--- Epoch 2/100 ---
Epoch 2 | Train Loss: 0.3232 | Val Loss: 0.2601
Validation loss improved. Model saved to /bigdata/jianglab/shared/ExploreData/models/best_model.pth

--- Epoch 3/100 ---
Epoch 3 | Train Loss: 0.2782 | Val Loss: 0.2333
Validation loss improved. Model saved to /bigdata/jianglab/shared/ExploreData/models/best_model.pth

--- Epoch 4/100 ---
Epoch 4 | Train Loss: 0.2708 | Val Loss: 0.2184
Validation loss improved. Model saved to /bigdata/jianglab/shared/ExploreData/models/best_model.pth

--- Epoch 5/100 ---
Epoch 5 | Train Loss: 0.2460 | Val Loss: 0.2105
Validation loss improved. Model saved to /bigdata/jianglab/shared/ExploreData/models/best_model.pth

--- Epoch 6/100 ---
Epoch 6 | Train Loss: 0.2289 | Val Loss: 0.2021
Validation loss improved. Model saved to /bigdata/jianglab/shared/ExploreData/models/best_model.pth

--- Epoch 7/100 ---
Epoch 7 | Train Loss: 0.2145 | Val Loss: 0.1988
Validation loss improved. Model saved to /bigdata/jianglab/shared/ExploreData/models/best_model.pth

--- Epoch 8/100 ---
Epoch 8 | Train Loss: 0.2035 | Val Loss: 0.1952
Validation loss improved. Model saved to /bigdata/jianglab/shared/ExploreData/models/best_model.pth

--- Epoch 9/100 ---
Epoch 9 | Train Loss: 0.1994 | Val Loss: 0.1866
Validation loss improved. Model saved to /bigdata/jianglab/shared/ExploreData/models/best_model.pth

--- Epoch 10/100 ---
Epoch 10 | Train Loss: 0.1883 | Val Loss: 0.1859
Validation loss improved. Model saved to /bigdata/jianglab/shared/ExploreData/models/best_model.pth

--- Epoch 11/100 ---
Epoch 11 | Train Loss: 0.1820 | Val Loss: 0.2476
Validation loss did not improve. Early stopping counter: 1/5

--- Epoch 12/100 ---
Epoch 12 | Train Loss: 0.1757 | Val Loss: 0.1915
Validation loss did not improve. Early stopping counter: 2/5

--- Epoch 13/100 ---
Epoch 13 | Train Loss: 0.1740 | Val Loss: 0.1864
Validation loss did not improve. Early stopping counter: 3/5

--- Epoch 14/100 ---
Epoch 14 | Train Loss: 0.1697 | Val Loss: 0.2103
Validation loss did not improve. Early stopping counter: 4/5

--- Epoch 15/100 ---
Epoch 15 | Train Loss: 0.1664 | Val Loss: 0.1915
Validation loss did not improve. Early stopping counter: 5/5
Early stopping triggered.

Training complete.

Python script finished.

==========================================================
Job finished at: Tue Sep  9 05:28:13 PDT 2025
==========================================================
